Claim 0 done
Claim 1 done
Claim 2 done
Claim 3 done
Claim 4 done
Claim 5 done
Claim 6 done
Claim 7 done
Claim 8 done
Claim 9 done
Claim 10 done
Claim 11 done
Claim 12 done
Claim 13 done
Claim 14 done
Claim 15 done
Claim 16 done
Claim 17 done
Claim 18 done
Claim 19 done
Claim 20 done
Claim 21 done
Claim 22 done
Claim 23 done
Claim 24 done
Claim 25 done
Claim 26 done
Claim 27 done
Claim 28 done
Claim 29 done
Claim 30 done
Claim 31 done
Claim 32 done
Claim 33 done
Claim 34 done
Claim 35 done
Claim 36 done
Claim 37 done
Claim 38 done
Claim 39 done
Claim 40 done
Claim 41 done
Claim 42 done
Claim 43 done
Claim 44 done
Claim 45 done
Claim 46 done
Claim 47 done
Claim 48 done
Claim 49 done
Claim 50 done
Claim 51 done
Claim 52 done
Claim 53 done
Claim 54 done
Claim 55 done
Claim 56 done
Claim 57 done
Claim 58 done
Claim 59 done
Claim 60 done
Claim 61 done
Claim 62 done
Claim 63 done
Claim 64 done
Claim 65 done
Claim 66 done
Claim 67 done
Claim 68 done
Claim 69 done
Claim 70 done
Claim 71 done
Claim 72 done
Claim 73 done
Claim 74 done
Claim 75 done
Claim 76 done
Claim 77 done
Claim 78 done
Claim 79 done
Claim 80 done
Claim 81 done
Claim 82 done
Traceback (most recent call last):
  File "/root/RnD_Project/eval_common_ques.py", line 98, in <module>
    res_dict_mixtral, mixtral_val = evaluate_target_sent_by_common_ques(item, "mixtral")
  File "/root/RnD_Project/eval_common_ques.py", line 29, in evaluate_target_sent_by_common_ques
    return response_dict, list(response_dict.values())
AttributeError: 'int' object has no attribute 'values'
