ggml_cuda_init: GGML_CUDA_FORCE_MMQ:   no
ggml_cuda_init: CUDA_USE_TENSOR_CORES: yes
ggml_cuda_init: found 1 CUDA devices:
  Device 0: NVIDIA A100-SXM4-80GB, compute capability 8.0, VMM: yes
Claim:  0
Claim:  1
Claim:  2
Claim:  3
Claim:  4
Claim:  5
Claim:  6
Claim:  7
Claim:  8
Claim:  9
Claim:  10
Claim:  11
Claim:  12
Claim:  13
Claim:  14
Claim:  15
Claim:  16
Claim:  17
Claim:  18
Claim:  19
Claim:  20
Claim:  21
Claim:  22
Claim:  23
Claim:  24
Claim:  25
Claim:  26
Claim:  27
Claim:  28
Claim:  29
Claim:  30
Claim:  31
Claim:  32
Claim:  33
Claim:  34
Claim:  35
Claim:  36
Claim:  37
Claim:  38
Claim:  39
Claim:  40
Claim:  41
Claim:  42
Claim:  43
Claim:  44
Claim:  45
Claim:  46
Claim:  47
Claim:  48
Claim:  49
Claim:  50
Claim:  51
Claim:  52
Claim:  53
Claim:  54
Claim:  55
Claim:  56
Claim:  57
Claim:  58
Claim:  59
Claim:  60
Claim:  61
Claim:  62
Claim:  63
Claim:  64
Claim:  65
Claim:  66
Claim:  67
Claim:  68
Claim:  69
Claim:  70
Claim:  71
Claim:  72
Claim:  73
Claim:  74
Claim:  75
Claim:  76
Claim:  77
Claim:  78
Claim:  79
Claim:  80
Claim:  81
Claim:  82
Claim:  83
Claim:  84
Claim:  85
Claim:  86
Claim:  87
Claim:  88
Claim:  89
Claim:  90
Claim:  91
Claim:  92
Claim:  93
Claim:  94
Claim:  95
Claim:  96
Claim:  97
Claim:  98
Claim:  99
