ggml_cuda_init: GGML_CUDA_FORCE_MMQ:   no
ggml_cuda_init: CUDA_USE_TENSOR_CORES: yes
ggml_cuda_init: found 1 CUDA devices:
  Device 0: NVIDIA A100-SXM4-80GB, compute capability 8.0, VMM: yes
Claim: 0, Question generation module is run in 3.17 mint
50
Claim: 0, Question is taken from file
Claim: 0, Evidence module is run in 0.88 mint
Claim: 1, Question is taken from file
Claim: 1, Evidence module is run in 0.94 mint
Claim: 2, Question is taken from file
Claim: 2, Evidence module is run in 0.81 mint
Claim: 3, Question is taken from file
Claim: 3, Evidence module is run in 1.14 mint
Claim: 4, Question is taken from file
Claim: 4, Evidence module is run in 0.98 mint
Claim: 5, Question is taken from file
Claim: 5, Evidence module is run in 1.22 mint
Claim: 6, Question is taken from file
Claim: 6, Evidence module is run in 0.96 mint
Claim: 7, Question is taken from file
Claim: 7, Evidence module is run in 1.40 mint
Claim: 8, Question is taken from file
Claim: 8, Evidence module is run in 1.31 mint
Claim: 9, Question is taken from file
Claim: 9, Evidence module is run in 1.49 mint
Claim: 10, Question is taken from file
Claim: 10, Evidence module is run in 1.68 mint
Claim: 11, Question is taken from file
Claim: 11, Evidence module is run in 1.74 mint
Claim: 12, Question is taken from file
Claim: 12, Evidence module is run in 1.46 mint
Claim: 13, Question is taken from file
Claim: 13, Evidence module is run in 1.49 mint
Claim: 14, Question is taken from file
Claim: 14, Evidence module is run in 1.74 mint
Claim: 15, Question is taken from file
Claim: 15, Evidence module is run in 1.57 mint
Claim: 16, Question is taken from file
Claim: 16, Evidence module is run in 1.81 mint
Claim: 17, Question is taken from file
Claim: 17, Evidence module is run in 1.90 mint
Claim: 18, Question is taken from file
Claim: 18, Evidence module is run in 1.34 mint
Claim: 19, Question is taken from file
Claim: 19, Evidence module is run in 1.30 mint
Claim: 20, Question is taken from file
Claim: 20, Evidence module is run in 1.28 mint
Claim: 21, Question is taken from file
Claim: 21, Evidence module is run in 1.34 mint
Claim: 22, Question is taken from file
Claim: 22, Evidence module is run in 1.61 mint
Claim: 23, Question is taken from file
Claim: 23, Evidence module is run in 1.33 mint
Claim: 24, Question is taken from file
Claim: 24, Evidence module is run in 1.42 mint
Claim: 25, Question is taken from file
Claim: 25, Evidence module is run in 1.19 mint
Claim: 26, Question is taken from file
Claim: 26, Evidence module is run in 1.18 mint
Claim: 27, Question is taken from file
Claim: 27, Evidence module is run in 1.32 mint
Claim: 28, Question is taken from file
Claim: 28, Evidence module is run in 1.26 mint
Claim: 29, Question is taken from file
Claim: 29, Evidence module is run in 1.53 mint
Claim: 30, Question is taken from file
Claim: 30, Evidence module is run in 1.44 mint
Claim: 31, Question is taken from file
Claim: 31, Evidence module is run in 1.10 mint
Claim: 32, Question is taken from file
Claim: 32, Evidence module is run in 1.35 mint
Claim: 33, Question is taken from file
Claim: 33, Evidence module is run in 1.28 mint
Claim: 34, Question is taken from file
Claim: 34, Evidence module is run in 1.51 mint
Claim: 35, Question is taken from file
Claim: 35, Evidence module is run in 1.40 mint
Claim: 36, Question is taken from file
Claim: 36, Evidence module is run in 1.47 mint
Claim: 37, Question is taken from file
Claim: 37, Evidence module is run in 1.13 mint
Claim: 38, Question is taken from file
Claim: 38, Evidence module is run in 2.03 mint
Claim: 39, Question is taken from file
Claim: 39, Evidence module is run in 1.19 mint
Claim: 40, Question is taken from file
Claim: 40, Evidence module is run in 1.51 mint
Claim: 41, Question is taken from file
Claim: 41, Evidence module is run in 1.38 mint
Claim: 42, Question is taken from file
Claim: 42, Evidence module is run in 2.36 mint
Claim: 43, Question is taken from file
Claim: 43, Evidence module is run in 1.23 mint
Claim: 44, Question is taken from file
Claim: 44, Evidence module is run in 1.02 mint
Claim: 45, Question is taken from file
Claim: 45, Evidence module is run in 0.74 mint
Claim: 46, Question is taken from file
Claim: 46, Evidence module is run in 1.36 mint
Claim: 47, Question is taken from file
Claim: 47, Evidence module is run in 1.12 mint
Claim: 48, Question is taken from file
Claim: 48, Evidence module is run in 1.17 mint
Claim: 49, Question is taken from file
Claim: 49, Evidence module is run in 1.33 mint
Claim: 0, Evidence is taken from file
Claim: 0, Evidence: 0, Agreement module is run in 0.71 mint
Claim: 0, Evidence: 1, Agreement module is run in 2.11 mint
Claim: 0, Evidence: 2, Agreement module is run in 0.93 mint
Claim: 0, Evidence: 3, Agreement module is run in 2.21 mint
Claim: 0, Evidence: 4, Agreement module is run in 0.61 mint
Claim: 1, Evidence is taken from file
Claim: 1, Evidence: 0, Agreement module is run in 0.70 mint
Claim: 1, Evidence: 1, Agreement module is run in 2.19 mint
Claim: 1, Evidence: 2, Agreement module is run in 0.87 mint
Claim: 1, Evidence: 3, Agreement module is run in 2.20 mint
Claim: 1, Evidence: 4, Agreement module is run in 1.83 mint
Claim: 2, Evidence is taken from file
Claim: 2, Evidence: 0, Agreement module is run in 2.23 mint
Claim: 2, Evidence: 1, Agreement module is run in 2.20 mint
Claim: 2, Evidence: 2, Agreement module is run in 2.20 mint
Claim: 2, Evidence: 3, Agreement module is run in 0.68 mint
Claim: 3, Evidence is taken from file
Claim: 3, Evidence: 0, Agreement module is run in 2.21 mint
Claim: 3, Evidence: 1, Agreement module is run in 0.74 mint
Claim: 3, Evidence: 2, Agreement module is run in 2.02 mint
Claim: 3, Evidence: 3, Agreement module is run in 2.19 mint
Claim: 3, Evidence: 4, Agreement module is run in 1.68 mint
Claim: 4, Evidence is taken from file
Claim: 4, Evidence: 0, Agreement module is run in 0.65 mint
Claim: 4, Evidence: 1, Agreement module is run in 1.80 mint
Claim: 4, Evidence: 2, Agreement module is run in 1.80 mint
Claim: 4, Evidence: 3, Agreement module is run in 1.46 mint
Claim: 4, Evidence: 4, Agreement module is run in 1.80 mint
Claim: 5, Evidence is taken from file
Claim: 5, Evidence: 0, Agreement module is run in 1.75 mint
Claim: 5, Evidence: 1, Agreement module is run in 1.71 mint
Claim: 5, Evidence: 2, Agreement module is run in 0.77 mint
Claim: 5, Evidence: 3, Agreement module is run in 2.19 mint
Claim: 5, Evidence: 4, Agreement module is run in 2.20 mint
Claim: 6, Evidence is taken from file
Claim: 6, Evidence: 0, Agreement module is run in 2.18 mint
Claim: 6, Evidence: 1, Agreement module is run in 2.19 mint
Claim: 6, Evidence: 2, Agreement module is run in 2.19 mint
Claim: 6, Evidence: 3, Agreement module is run in 2.20 mint
Claim: 6, Evidence: 4, Agreement module is run in 0.76 mint
Claim: 7, Evidence is taken from file
Claim: 7, Evidence: 0, Agreement module is run in 2.20 mint
Claim: 7, Evidence: 1, Agreement module is run in 2.14 mint
Claim: 7, Evidence: 2, Agreement module is run in 0.68 mint
Claim: 7, Evidence: 3, Agreement module is run in 0.49 mint
Claim: 7, Evidence: 4, Agreement module is run in 2.19 mint
Claim: 8, Evidence is taken from file
Claim: 8, Evidence: 0, Agreement module is run in 0.61 mint
Claim: 8, Evidence: 1, Agreement module is run in 2.18 mint
Claim: 8, Evidence: 2, Agreement module is run in 2.19 mint
Claim: 8, Evidence: 3, Agreement module is run in 2.20 mint
Claim: 8, Evidence: 4, Agreement module is run in 0.63 mint
Claim: 9, Evidence is taken from file
Claim: 9, Evidence: 0, Agreement module is run in 2.18 mint
Claim: 9, Evidence: 1, Agreement module is run in 2.20 mint
Claim: 9, Evidence: 2, Agreement module is run in 2.19 mint
Claim: 9, Evidence: 3, Agreement module is run in 2.18 mint
Claim: 9, Evidence: 4, Agreement module is run in 2.20 mint
Claim: 10, Evidence is taken from file
Claim: 10, Evidence: 0, Agreement module is run in 2.19 mint
Claim: 10, Evidence: 1, Agreement module is run in 2.20 mint
Claim: 10, Evidence: 2, Agreement module is run in 0.80 mint
Claim: 10, Evidence: 3, Agreement module is run in 2.19 mint
Claim: 10, Evidence: 4, Agreement module is run in 2.19 mint
Claim: 11, Evidence is taken from file
Claim: 11, Evidence: 0, Agreement module is run in 0.59 mint
Claim: 11, Evidence: 1, Agreement module is run in 2.18 mint
Claim: 11, Evidence: 2, Agreement module is run in 1.97 mint
Claim: 11, Evidence: 3, Agreement module is run in 0.52 mint
Claim: 11, Evidence: 4, Agreement module is run in 0.59 mint
Claim: 12, Evidence is taken from file
Claim: 12, Evidence: 0, Agreement module is run in 2.19 mint
Claim: 12, Evidence: 1, Agreement module is run in 2.17 mint
Claim: 12, Evidence: 2, Agreement module is run in 0.68 mint
Claim: 12, Evidence: 3, Agreement module is run in 2.18 mint
Claim: 12, Evidence: 4, Agreement module is run in 0.60 mint
Claim: 13, Evidence is taken from file
Claim: 13, Evidence: 0, Agreement module is run in 2.16 mint
Claim: 13, Evidence: 1, Agreement module is run in 2.19 mint
Claim: 13, Evidence: 2, Agreement module is run in 0.60 mint
Claim: 13, Evidence: 3, Agreement module is run in 0.59 mint
Claim: 13, Evidence: 4, Agreement module is run in 0.83 mint
Claim: 14, Evidence is taken from file
Claim: 14, Evidence: 0, Agreement module is run in 0.63 mint
Claim: 14, Evidence: 1, Agreement module is run in 2.19 mint
Claim: 14, Evidence: 2, Agreement module is run in 1.93 mint
Claim: 14, Evidence: 3, Agreement module is run in 1.67 mint
Claim: 14, Evidence: 4, Agreement module is run in 0.71 mint
Claim: 15, Evidence is taken from file
Claim: 15, Evidence: 0, Agreement module is run in 0.84 mint
Claim: 15, Evidence: 1, Agreement module is run in 2.27 mint
Claim: 15, Evidence: 2, Agreement module is run in 0.65 mint
Claim: 15, Evidence: 3, Agreement module is run in 2.19 mint
Claim: 15, Evidence: 4, Agreement module is run in 2.21 mint
Claim: 16, Evidence is taken from file
Claim: 16, Evidence: 0, Agreement module is run in 0.62 mint
Claim: 16, Evidence: 1, Agreement module is run in 2.19 mint
Claim: 16, Evidence: 2, Agreement module is run in 0.75 mint
Claim: 16, Evidence: 3, Agreement module is run in 2.20 mint
Claim: 17, Evidence is taken from file
Claim: 17, Evidence: 0, Agreement module is run in 1.61 mint
Claim: 17, Evidence: 1, Agreement module is run in 0.81 mint
Claim: 17, Evidence: 2, Agreement module is run in 0.55 mint
Claim: 17, Evidence: 3, Agreement module is run in 1.93 mint
Claim: 17, Evidence: 4, Agreement module is run in 2.19 mint
Claim: 18, Evidence is taken from file
Claim: 18, Evidence: 0, Agreement module is run in 2.19 mint
Claim: 18, Evidence: 1, Agreement module is run in 2.19 mint
Claim: 18, Evidence: 2, Agreement module is run in 0.66 mint
Claim: 18, Evidence: 3, Agreement module is run in 0.73 mint
Claim: 18, Evidence: 4, Agreement module is run in 0.72 mint
Claim: 19, Evidence is taken from file
Claim: 19, Evidence: 0, Agreement module is run in 2.18 mint
Claim: 19, Evidence: 1, Agreement module is run in 0.64 mint
Claim: 19, Evidence: 2, Agreement module is run in 2.19 mint
Claim: 19, Evidence: 3, Agreement module is run in 2.18 mint
Claim: 19, Evidence: 4, Agreement module is run in 2.19 mint
Claim: 20, Evidence is taken from file
Claim: 20, Evidence: 0, Agreement module is run in 2.19 mint
Claim: 20, Evidence: 1, Agreement module is run in 2.19 mint
Claim: 20, Evidence: 2, Agreement module is run in 2.19 mint
Claim: 20, Evidence: 3, Agreement module is run in 2.18 mint
Claim: 20, Evidence: 4, Agreement module is run in 0.82 mint
Claim: 21, Evidence is taken from file
Claim: 21, Evidence: 0, Agreement module is run in 0.60 mint
Claim: 21, Evidence: 1, Agreement module is run in 0.67 mint
Claim: 21, Evidence: 2, Agreement module is run in 2.18 mint
Claim: 21, Evidence: 3, Agreement module is run in 0.67 mint
Claim: 21, Evidence: 4, Agreement module is run in 1.02 mint
Claim: 22, Evidence is taken from file
Claim: 22, Evidence: 0, Agreement module is run in 2.18 mint
Claim: 22, Evidence: 1, Agreement module is run in 2.17 mint
Claim: 22, Evidence: 2, Agreement module is run in 0.84 mint
Claim: 22, Evidence: 3, Agreement module is run in 2.17 mint
Claim: 22, Evidence: 4, Agreement module is run in 2.18 mint
Claim: 23, Evidence is taken from file
Claim: 23, Evidence: 0, Agreement module is run in 0.89 mint
Claim: 23, Evidence: 1, Agreement module is run in 0.73 mint
Claim: 23, Evidence: 2, Agreement module is run in 2.17 mint
Claim: 23, Evidence: 3, Agreement module is run in 2.18 mint
Claim: 23, Evidence: 4, Agreement module is run in 2.19 mint
Claim: 24, Evidence is taken from file
Claim: 24, Evidence: 0, Agreement module is run in 2.18 mint
Claim: 24, Evidence: 1, Agreement module is run in 2.19 mint
Claim: 24, Evidence: 2, Agreement module is run in 0.69 mint
Claim: 24, Evidence: 3, Agreement module is run in 0.73 mint
Claim: 24, Evidence: 4, Agreement module is run in 0.65 mint
Claim: 25, Evidence is taken from file
Claim: 25, Evidence: 0, Agreement module is run in 0.63 mint
Claim: 25, Evidence: 1, Agreement module is run in 0.83 mint
Claim: 25, Evidence: 2, Agreement module is run in 1.81 mint
Claim: 25, Evidence: 3, Agreement module is run in 1.65 mint
Claim: 25, Evidence: 4, Agreement module is run in 1.81 mint
Claim: 26, Evidence is taken from file
Claim: 26, Evidence: 0, Agreement module is run in 1.82 mint
Claim: 26, Evidence: 1, Agreement module is run in 0.51 mint
Claim: 26, Evidence: 2, Agreement module is run in 1.62 mint
Claim: 26, Evidence: 3, Agreement module is run in 2.03 mint
Claim: 26, Evidence: 4, Agreement module is run in 2.18 mint
Claim: 27, Evidence is taken from file
Claim: 27, Evidence: 0, Agreement module is run in 0.81 mint
Claim: 27, Evidence: 1, Agreement module is run in 0.82 mint
Claim: 27, Evidence: 2, Agreement module is run in 0.67 mint
Claim: 27, Evidence: 3, Agreement module is run in 0.67 mint
Claim: 27, Evidence: 4, Agreement module is run in 0.66 mint
Claim: 28, Evidence is taken from file
Claim: 28, Evidence: 0, Agreement module is run in 2.15 mint
Claim: 28, Evidence: 1, Agreement module is run in 0.68 mint
Claim: 28, Evidence: 2, Agreement module is run in 0.76 mint
Claim: 28, Evidence: 3, Agreement module is run in 0.74 mint
Claim: 28, Evidence: 4, Agreement module is run in 2.18 mint
Claim: 29, Evidence is taken from file
Claim: 29, Evidence: 0, Agreement module is run in 0.70 mint
Claim: 29, Evidence: 1, Agreement module is run in 2.18 mint
Claim: 29, Evidence: 2, Agreement module is run in 2.18 mint
Claim: 29, Evidence: 3, Agreement module is run in 0.78 mint
Claim: 29, Evidence: 4, Agreement module is run in 0.85 mint
Claim: 30, Evidence is taken from file
Claim: 30, Evidence: 0, Agreement module is run in 0.71 mint
Claim: 30, Evidence: 1, Agreement module is run in 0.77 mint
Claim: 30, Evidence: 2, Agreement module is run in 2.18 mint
Claim: 30, Evidence: 3, Agreement module is run in 2.17 mint
Claim: 30, Evidence: 4, Agreement module is run in 2.18 mint
Claim: 31, Evidence is taken from file
Claim: 31, Evidence: 0, Agreement module is run in 2.17 mint
Claim: 31, Evidence: 1, Agreement module is run in 2.18 mint
Claim: 31, Evidence: 2, Agreement module is run in 0.58 mint
Claim: 31, Evidence: 3, Agreement module is run in 2.17 mint
Claim: 32, Evidence is taken from file
Claim: 32, Evidence: 0, Agreement module is run in 0.75 mint
Claim: 32, Evidence: 1, Agreement module is run in 2.18 mint
Claim: 32, Evidence: 2, Agreement module is run in 2.20 mint
Claim: 32, Evidence: 3, Agreement module is run in 2.18 mint
Claim: 32, Evidence: 4, Agreement module is run in 1.11 mint
Claim: 33, Evidence is taken from file
Claim: 33, Evidence: 0, Agreement module is run in 0.76 mint
Claim: 33, Evidence: 1, Agreement module is run in 2.18 mint
Claim: 33, Evidence: 2, Agreement module is run in 2.19 mint
Claim: 33, Evidence: 3, Agreement module is run in 0.62 mint
Claim: 33, Evidence: 4, Agreement module is run in 0.72 mint
Claim: 34, Evidence is taken from file
Claim: 34, Evidence: 0, Agreement module is run in 2.19 mint
Claim: 34, Evidence: 1, Agreement module is run in 0.66 mint
Claim: 34, Evidence: 2, Agreement module is run in 2.19 mint
Claim: 34, Evidence: 3, Agreement module is run in 0.88 mint
Claim: 34, Evidence: 4, Agreement module is run in 0.80 mint
Claim: 35, Evidence is taken from file
Claim: 35, Evidence: 0, Agreement module is run in 2.18 mint
Claim: 35, Evidence: 1, Agreement module is run in 0.87 mint
