ggml_cuda_init: GGML_CUDA_FORCE_MMQ:   no
ggml_cuda_init: CUDA_USE_TENSOR_CORES: yes
ggml_cuda_init: found 1 CUDA devices:
  Device 0: NVIDIA A100-SXM4-80GB, compute capability 8.0, VMM: yes
Claim: 0, Question generation module is run in 2.69 mint
Claim: 0, Evidence is taken from file
Claim: 0, Evidence: 0, Agreement module is run in 1.86 mint
Claim: 0, Evidence: 1, Agreement module is run in 0.66 mint
Claim: 0, Evidence: 2, Agreement module is run in 1.86 mint
Claim: 0, Evidence: 3, Agreement module is run in 1.87 mint
Claim: 0, Evidence: 4, Agreement module is run in 0.54 mint
Claim: 2, Evidence is taken from file
Claim: 2, Evidence: 0, Agreement module is run in 1.87 mint
Claim: 2, Evidence: 1, Agreement module is run in 0.47 mint
Claim: 2, Evidence: 2, Agreement module is run in 1.76 mint
Claim: 2, Evidence: 3, Agreement module is run in 0.86 mint
Claim: 2, Evidence: 4, Agreement module is run in 1.86 mint
Claim: 3, Evidence is taken from file
Claim: 3, Evidence: 0, Agreement module is run in 1.87 mint
Claim: 3, Evidence: 1, Agreement module is run in 0.55 mint
Claim: 3, Evidence: 2, Agreement module is run in 0.71 mint
Claim: 3, Evidence: 3, Agreement module is run in 1.57 mint
Claim: 3, Evidence: 4, Agreement module is run in 0.37 mint
Claim: 3, Evidence: 5, Agreement module is run in 0.40 mint
Claim: 3, Evidence: 6, Agreement module is run in 0.45 mint
Claim: 4, Evidence is taken from file
Claim: 4, Evidence: 0, Agreement module is run in 0.46 mint
Claim: 4, Evidence: 1, Agreement module is run in 0.86 mint
Claim: 4, Evidence: 2, Agreement module is run in 1.10 mint
Claim: 4, Evidence: 3, Agreement module is run in 0.78 mint
Claim: 4, Evidence: 4, Agreement module is run in 1.87 mint
Claim: 5, Evidence is taken from file
Claim: 5, Evidence: 0, Agreement module is run in 0.66 mint
Claim: 5, Evidence: 1, Agreement module is run in 0.80 mint
Claim: 5, Evidence: 2, Agreement module is run in 0.69 mint
Claim: 5, Evidence: 3, Agreement module is run in 1.86 mint
Claim: 5, Evidence: 4, Agreement module is run in 1.86 mint
Claim: 6, Evidence is taken from file
Claim: 6, Evidence: 0, Agreement module is run in 1.87 mint
Claim: 6, Evidence: 1, Agreement module is run in 1.87 mint
Claim: 6, Evidence: 2, Agreement module is run in 0.69 mint
Claim: 6, Evidence: 3, Agreement module is run in 0.54 mint
Claim: 6, Evidence: 4, Agreement module is run in 0.60 mint
Claim: 7, Evidence is taken from file
Claim: 7, Evidence: 0, Agreement module is run in 1.69 mint
Claim: 7, Evidence: 1, Agreement module is run in 1.87 mint
Claim: 7, Evidence: 2, Agreement module is run in 1.86 mint
Claim: 7, Evidence: 3, Agreement module is run in 1.84 mint
Claim: 7, Evidence: 4, Agreement module is run in 0.61 mint
Claim: 8, Evidence is taken from file
Claim: 8, Evidence: 0, Agreement module is run in 1.86 mint
Claim: 8, Evidence: 1, Agreement module is run in 0.61 mint
Claim: 8, Evidence: 2, Agreement module is run in 0.64 mint
Claim: 8, Evidence: 3, Agreement module is run in 0.61 mint
Claim: 9, Evidence is taken from file
Claim: 9, Evidence: 0, Agreement module is run in 0.62 mint
Claim: 9, Evidence: 1, Agreement module is run in 1.87 mint
Claim: 9, Evidence: 2, Agreement module is run in 1.87 mint
Claim: 9, Evidence: 3, Agreement module is run in 0.58 mint
Claim: 10, Evidence is taken from file
Claim: 10, Evidence: 0, Agreement module is run in 1.86 mint
Claim: 10, Evidence: 1, Agreement module is run in 0.76 mint
Claim: 10, Evidence: 2, Agreement module is run in 0.70 mint
Claim: 11, Evidence is taken from file
Claim: 11, Evidence: 0, Agreement module is run in 1.87 mint
Claim: 11, Evidence: 1, Agreement module is run in 1.87 mint
Claim: 11, Evidence: 2, Agreement module is run in 0.68 mint
Claim: 11, Evidence: 3, Agreement module is run in 0.57 mint
Claim: 11, Evidence: 4, Agreement module is run in 0.73 mint
Claim: 12, Evidence is taken from file
Claim: 12, Evidence: 0, Agreement module is run in 0.56 mint
Claim: 12, Evidence: 1, Agreement module is run in 0.55 mint
Claim: 12, Evidence: 2, Agreement module is run in 0.53 mint
Claim: 12, Evidence: 3, Agreement module is run in 1.89 mint
Claim: 13, Evidence is taken from file
Claim: 13, Evidence: 0, Agreement module is run in 0.58 mint
Claim: 13, Evidence: 1, Agreement module is run in 0.60 mint
Claim: 13, Evidence: 2, Agreement module is run in 1.88 mint
Claim: 13, Evidence: 3, Agreement module is run in 1.86 mint
Claim: 13, Evidence: 4, Agreement module is run in 1.89 mint
Claim: 14, Evidence is taken from file
Claim: 14, Evidence: 0, Agreement module is run in 1.39 mint
Claim: 14, Evidence: 1, Agreement module is run in 1.22 mint
Claim: 14, Evidence: 2, Agreement module is run in 0.83 mint
Claim: 14, Evidence: 3, Agreement module is run in 0.50 mint
Claim: 15, Evidence is taken from file
Claim: 15, Evidence: 0, Agreement module is run in 0.45 mint
Claim: 15, Evidence: 1, Agreement module is run in 1.51 mint
Claim: 15, Evidence: 2, Agreement module is run in 0.60 mint
Claim: 15, Evidence: 3, Agreement module is run in 1.89 mint
Claim: 15, Evidence: 4, Agreement module is run in 1.87 mint
Claim: 16, Evidence is taken from file
Claim: 16, Evidence: 0, Agreement module is run in 0.59 mint
Claim: 16, Evidence: 1, Agreement module is run in 0.57 mint
Claim: 16, Evidence: 2, Agreement module is run in 1.85 mint
Claim: 16, Evidence: 3, Agreement module is run in 0.59 mint
Claim: 16, Evidence: 4, Agreement module is run in 0.53 mint
Claim: 17, Evidence is taken from file
Claim: 17, Evidence: 0, Agreement module is run in 0.58 mint
Claim: 17, Evidence: 1, Agreement module is run in 1.86 mint
Claim: 17, Evidence: 2, Agreement module is run in 1.86 mint
Claim: 17, Evidence: 3, Agreement module is run in 1.44 mint
Claim: 17, Evidence: 4, Agreement module is run in 1.87 mint
Claim: 18, Evidence is taken from file
Claim: 18, Evidence: 0, Agreement module is run in 1.84 mint
Claim: 18, Evidence: 1, Agreement module is run in 1.87 mint
Claim: 18, Evidence: 2, Agreement module is run in 0.63 mint
Claim: 18, Evidence: 3, Agreement module is run in 1.87 mint
Claim: 18, Evidence: 4, Agreement module is run in 1.85 mint
Claim: 19, Evidence is taken from file
Claim: 19, Evidence: 0, Agreement module is run in 1.87 mint
Claim: 19, Evidence: 1, Agreement module is run in 1.88 mint
Claim: 19, Evidence: 2, Agreement module is run in 0.77 mint
Claim: 19, Evidence: 3, Agreement module is run in 0.63 mint
Claim: 20, Evidence is taken from file
Claim: 20, Evidence: 0, Agreement module is run in 0.53 mint
Claim: 20, Evidence: 1, Agreement module is run in 1.61 mint
Claim: 20, Evidence: 2, Agreement module is run in 0.59 mint
Claim: 20, Evidence: 3, Agreement module is run in 0.87 mint
Claim: 20, Evidence: 4, Agreement module is run in 1.88 mint
Claim: 21, Evidence is taken from file
Claim: 21, Evidence: 0, Agreement module is run in 1.86 mint
Claim: 21, Evidence: 1, Agreement module is run in 1.86 mint
Claim: 21, Evidence: 2, Agreement module is run in 1.86 mint
Claim: 21, Evidence: 3, Agreement module is run in 1.86 mint
Claim: 21, Evidence: 4, Agreement module is run in 1.85 mint
Claim: 22, Evidence is taken from file
Claim: 22, Evidence: 0, Agreement module is run in 0.64 mint
Claim: 22, Evidence: 1, Agreement module is run in 0.53 mint
Claim: 22, Evidence: 2, Agreement module is run in 0.61 mint
Claim: 22, Evidence: 3, Agreement module is run in 1.88 mint
Claim: 22, Evidence: 4, Agreement module is run in 0.66 mint
Claim: 23, Evidence is taken from file
Claim: 23, Evidence: 0, Agreement module is run in 0.50 mint
Claim: 23, Evidence: 1, Agreement module is run in 0.79 mint
Claim: 23, Evidence: 2, Agreement module is run in 0.42 mint
Claim: 23, Evidence: 3, Agreement module is run in 0.57 mint
Claim: 23, Evidence: 4, Agreement module is run in 1.04 mint
Claim: 24, Evidence is taken from file
Claim: 24, Evidence: 0, Agreement module is run in 1.16 mint
Claim: 24, Evidence: 1, Agreement module is run in 0.44 mint
Claim: 24, Evidence: 2, Agreement module is run in 1.83 mint
Claim: 24, Evidence: 3, Agreement module is run in 1.86 mint
Claim: 24, Evidence: 4, Agreement module is run in 1.83 mint
Claim: 25, Evidence is taken from file
Claim: 25, Evidence: 0, Agreement module is run in 1.82 mint
Claim: 25, Evidence: 1, Agreement module is run in 0.56 mint
Claim: 25, Evidence: 2, Agreement module is run in 1.70 mint
Claim: 25, Evidence: 3, Agreement module is run in 1.83 mint
Claim: 25, Evidence: 4, Agreement module is run in 0.54 mint
Claim: 26, Evidence is taken from file
Claim: 26, Evidence: 0, Agreement module is run in 1.84 mint
Claim: 26, Evidence: 1, Agreement module is run in 1.85 mint
Claim: 26, Evidence: 2, Agreement module is run in 1.82 mint
Claim: 26, Evidence: 3, Agreement module is run in 0.54 mint
Claim: 26, Evidence: 4, Agreement module is run in 1.82 mint
Claim: 27, Evidence is taken from file
Claim: 27, Evidence: 0, Agreement module is run in 1.83 mint
Claim: 27, Evidence: 1, Agreement module is run in 1.83 mint
Claim: 27, Evidence: 2, Agreement module is run in 1.86 mint
Claim: 27, Evidence: 3, Agreement module is run in 1.86 mint
Claim: 27, Evidence: 4, Agreement module is run in 1.86 mint
Claim: 28, Evidence is taken from file
Claim: 28, Evidence: 0, Agreement module is run in 1.85 mint
Claim: 28, Evidence: 1, Agreement module is run in 1.86 mint
Claim: 28, Evidence: 2, Agreement module is run in 0.54 mint
Claim: 28, Evidence: 3, Agreement module is run in 1.88 mint
Claim: 28, Evidence: 4, Agreement module is run in 1.86 mint
Claim: 29, Evidence is taken from file
Claim: 29, Evidence: 0, Agreement module is run in 1.85 mint
Claim: 29, Evidence: 1, Agreement module is run in 1.87 mint
Claim: 29, Evidence: 2, Agreement module is run in 0.69 mint
Claim: 29, Evidence: 3, Agreement module is run in 1.87 mint
Claim: 29, Evidence: 4, Agreement module is run in 1.88 mint
Claim: 30, Evidence is taken from file
Claim: 30, Evidence: 0, Agreement module is run in 0.62 mint
Claim: 30, Evidence: 1, Agreement module is run in 1.87 mint
Claim: 30, Evidence: 2, Agreement module is run in 0.60 mint
Claim: 30, Evidence: 3, Agreement module is run in 0.60 mint
Claim: 30, Evidence: 4, Agreement module is run in 1.87 mint
Claim: 31, Evidence is taken from file
Claim: 31, Evidence: 0, Agreement module is run in 0.34 mint
Claim: 31, Evidence: 1, Agreement module is run in 1.05 mint
Claim: 31, Evidence: 2, Agreement module is run in 0.79 mint
Claim: 31, Evidence: 3, Agreement module is run in 0.69 mint
Claim: 32, Evidence is taken from file
Claim: 32, Evidence: 0, Agreement module is run in 0.66 mint
Claim: 32, Evidence: 1, Agreement module is run in 0.34 mint
Claim: 32, Evidence: 2, Agreement module is run in 1.83 mint
Claim: 32, Evidence: 3, Agreement module is run in 0.60 mint
Claim: 32, Evidence: 4, Agreement module is run in 1.85 mint
Claim: 33, Evidence is taken from file
Claim: 33, Evidence: 0, Agreement module is run in 0.67 mint
Claim: 33, Evidence: 1, Agreement module is run in 1.84 mint
Claim: 33, Evidence: 2, Agreement module is run in 1.84 mint
Claim: 33, Evidence: 3, Agreement module is run in 1.86 mint
Claim: 33, Evidence: 4, Agreement module is run in 0.56 mint
Claim: 34, Evidence is taken from file
Claim: 34, Evidence: 0, Agreement module is run in 1.86 mint
Claim: 34, Evidence: 1, Agreement module is run in 1.87 mint
Claim: 34, Evidence: 2, Agreement module is run in 1.86 mint
Claim: 34, Evidence: 3, Agreement module is run in 1.86 mint
Claim: 34, Evidence: 4, Agreement module is run in 0.62 mint
Claim: 35, Evidence is taken from file
Claim: 35, Evidence: 0, Agreement module is run in 1.86 mint
Claim: 35, Evidence: 1, Agreement module is run in 0.63 mint
Claim: 35, Evidence: 2, Agreement module is run in 1.85 mint
Claim: 35, Evidence: 3, Agreement module is run in 1.70 mint
Claim: 35, Evidence: 4, Agreement module is run in 1.85 mint
Claim: 36, Evidence is taken from file
Claim: 36, Evidence: 0, Agreement module is run in 1.87 mint
Claim: 36, Evidence: 1, Agreement module is run in 0.74 mint
Claim: 36, Evidence: 2, Agreement module is run in 0.64 mint
Claim: 36, Evidence: 3, Agreement module is run in 1.85 mint
Claim: 36, Evidence: 4, Agreement module is run in 1.85 mint
Claim: 37, Evidence is taken from file
Claim: 37, Evidence: 0, Agreement module is run in 0.57 mint
Claim: 37, Evidence: 1, Agreement module is run in 1.86 mint
Claim: 37, Evidence: 2, Agreement module is run in 0.53 mint
Claim: 37, Evidence: 3, Agreement module is run in 1.86 mint
Claim: 37, Evidence: 4, Agreement module is run in 0.68 mint
Claim: 38, Evidence is taken from file
Claim: 38, Evidence: 0, Agreement module is run in 1.86 mint
Claim: 38, Evidence: 1, Agreement module is run in 0.64 mint
Claim: 38, Evidence: 2, Agreement module is run in 0.56 mint
Claim: 38, Evidence: 3, Agreement module is run in 1.87 mint
Claim: 38, Evidence: 4, Agreement module is run in 0.55 mint
Claim: 39, Evidence is taken from file
Claim: 39, Evidence: 0, Agreement module is run in 1.86 mint
Claim: 39, Evidence: 1, Agreement module is run in 1.85 mint
Claim: 39, Evidence: 2, Agreement module is run in 1.86 mint
Claim: 39, Evidence: 3, Agreement module is run in 1.18 mint
Claim: 39, Evidence: 4, Agreement module is run in 1.12 mint
Claim: 40, Evidence is taken from file
Claim: 40, Evidence: 0, Agreement module is run in 1.14 mint
Claim: 40, Evidence: 1, Agreement module is run in 1.25 mint
Claim: 40, Evidence: 2, Agreement module is run in 0.55 mint
Claim: 40, Evidence: 3, Agreement module is run in 1.84 mint
Claim: 40, Evidence: 4, Agreement module is run in 0.63 mint
Claim: 41, Evidence is taken from file
Claim: 41, Evidence: 0, Agreement module is run in 0.66 mint
Claim: 41, Evidence: 1, Agreement module is run in 0.67 mint
Claim: 41, Evidence: 2, Agreement module is run in 0.59 mint
Claim: 41, Evidence: 3, Agreement module is run in 1.73 mint
Claim: 41, Evidence: 4, Agreement module is run in 1.89 mint
Claim: 43, Evidence is taken from file
Claim: 43, Evidence: 0, Agreement module is run in 1.84 mint
Claim: 43, Evidence: 1, Agreement module is run in 1.84 mint
Claim: 43, Evidence: 2, Agreement module is run in 0.89 mint
Claim: 43, Evidence: 3, Agreement module is run in 1.87 mint
Claim: 43, Evidence: 4, Agreement module is run in 0.57 mint
Claim: 44, Evidence is taken from file
Claim: 44, Evidence: 0, Agreement module is run in 0.56 mint
Claim: 44, Evidence: 1, Agreement module is run in 0.69 mint
Claim: 44, Evidence: 2, Agreement module is run in 1.84 mint
Claim: 44, Evidence: 3, Agreement module is run in 0.63 mint
Claim: 44, Evidence: 4, Agreement module is run in 0.54 mint
Claim: 45, Evidence is taken from file
Claim: 45, Evidence: 0, Agreement module is run in 1.85 mint
Claim: 45, Evidence: 1, Agreement module is run in 0.65 mint
Claim: 45, Evidence: 2, Agreement module is run in 0.67 mint
Claim: 45, Evidence: 3, Agreement module is run in 1.74 mint
Claim: 45, Evidence: 4, Agreement module is run in 1.70 mint
Claim: 46, Evidence is taken from file
Claim: 46, Evidence: 0, Agreement module is run in 0.55 mint
Claim: 46, Evidence: 1, Agreement module is run in 1.72 mint
Claim: 46, Evidence: 2, Agreement module is run in 1.69 mint
Claim: 46, Evidence: 3, Agreement module is run in 1.69 mint
Claim: 46, Evidence: 4, Agreement module is run in 1.65 mint
Claim: 47, Evidence is taken from file
Claim: 47, Evidence: 0, Agreement module is run in 1.64 mint
Claim: 47, Evidence: 1, Agreement module is run in 1.76 mint
Claim: 47, Evidence: 2, Agreement module is run in 1.65 mint
Claim: 47, Evidence: 3, Agreement module is run in 1.63 mint
Claim: 48, Evidence is taken from file
Claim: 48, Evidence: 0, Agreement module is run in 0.52 mint
Claim: 48, Evidence: 1, Agreement module is run in 0.54 mint
Claim: 48, Evidence: 2, Agreement module is run in 0.70 mint
Claim: 48, Evidence: 3, Agreement module is run in 1.64 mint
Claim: 48, Evidence: 4, Agreement module is run in 1.71 mint
Claim: 49, Evidence is taken from file
Claim: 49, Evidence: 0, Agreement module is run in 0.51 mint
Claim: 49, Evidence: 1, Agreement module is run in 1.66 mint
Claim: 49, Evidence: 2, Agreement module is run in 1.68 mint
Claim: 49, Evidence: 3, Agreement module is run in 0.72 mint
Claim: 49, Evidence: 4, Agreement module is run in 0.68 mint
Claim: 50, Evidence is taken from file
Claim: 50, Evidence: 0, Agreement module is run in 0.48 mint
Claim: 50, Evidence: 1, Agreement module is run in 0.50 mint
Claim: 50, Evidence: 2, Agreement module is run in 0.53 mint
Claim: 50, Evidence: 3, Agreement module is run in 0.51 mint
Claim: 50, Evidence: 4, Agreement module is run in 0.31 mint
Claim: 51, Evidence is taken from file
Claim: 51, Evidence: 0, Agreement module is run in 0.39 mint
Claim: 51, Evidence: 1, Agreement module is run in 0.32 mint
Claim: 51, Evidence: 2, Agreement module is run in 0.53 mint
Claim: 51, Evidence: 3, Agreement module is run in 0.52 mint
Claim: 51, Evidence: 4, Agreement module is run in 0.30 mint
Claim: 52, Evidence is taken from file
Claim: 52, Evidence: 0, Agreement module is run in 1.16 mint
Claim: 52, Evidence: 1, Agreement module is run in 1.73 mint
Claim: 52, Evidence: 2, Agreement module is run in 1.66 mint
Claim: 52, Evidence: 3, Agreement module is run in 0.56 mint
Claim: 52, Evidence: 4, Agreement module is run in 1.45 mint
Claim: 52, Evidence: 5, Agreement module is run in 1.69 mint
Claim: 53, Evidence is taken from file
Claim: 53, Evidence: 0, Agreement module is run in 1.56 mint
Claim: 53, Evidence: 1, Agreement module is run in 1.81 mint
Claim: 53, Evidence: 2, Agreement module is run in 1.86 mint
Claim: 53, Evidence: 3, Agreement module is run in 1.84 mint
Claim: 54, Evidence is taken from file
Claim: 54, Evidence: 0, Agreement module is run in 0.68 mint
Claim: 54, Evidence: 1, Agreement module is run in 1.81 mint
Claim: 54, Evidence: 2, Agreement module is run in 1.83 mint
Claim: 54, Evidence: 3, Agreement module is run in 1.86 mint
Claim: 54, Evidence: 4, Agreement module is run in 1.80 mint
Claim: 55, Evidence is taken from file
Claim: 55, Evidence: 0, Agreement module is run in 1.81 mint
Claim: 55, Evidence: 1, Agreement module is run in 1.73 mint
Claim: 55, Evidence: 2, Agreement module is run in 1.62 mint
Claim: 55, Evidence: 3, Agreement module is run in 0.57 mint
Claim: 56, Evidence is taken from file
Claim: 56, Evidence: 0, Agreement module is run in 1.66 mint
Claim: 56, Evidence: 1, Agreement module is run in 0.53 mint
Claim: 56, Evidence: 2, Agreement module is run in 1.62 mint
Claim: 56, Evidence: 3, Agreement module is run in 1.62 mint
Claim: 57, Evidence is taken from file
Claim: 57, Evidence: 0, Agreement module is run in 1.65 mint
Claim: 57, Evidence: 1, Agreement module is run in 1.66 mint
Claim: 57, Evidence: 2, Agreement module is run in 0.46 mint
Claim: 57, Evidence: 3, Agreement module is run in 0.66 mint
Claim: 57, Evidence: 4, Agreement module is run in 1.64 mint
Claim: 58, Evidence is taken from file
Claim: 58, Evidence: 0, Agreement module is run in 0.58 mint
Claim: 58, Evidence: 1, Agreement module is run in 1.61 mint
Claim: 58, Evidence: 2, Agreement module is run in 1.50 mint
Claim: 58, Evidence: 3, Agreement module is run in 1.41 mint
Claim: 59, Evidence is taken from file
Claim: 59, Evidence: 0, Agreement module is run in 1.30 mint
Claim: 59, Evidence: 1, Agreement module is run in 1.20 mint
Claim: 59, Evidence: 2, Agreement module is run in 1.33 mint
Claim: 59, Evidence: 3, Agreement module is run in 1.22 mint
Claim: 59, Evidence: 4, Agreement module is run in 1.06 mint
Claim: 60, Evidence is taken from file
Claim: 60, Evidence: 0, Agreement module is run in 0.33 mint
Claim: 60, Evidence: 1, Agreement module is run in 0.43 mint
Claim: 60, Evidence: 2, Agreement module is run in 0.58 mint
Claim: 60, Evidence: 3, Agreement module is run in 0.31 mint
Claim: 60, Evidence: 4, Agreement module is run in 0.34 mint
Claim: 61, Evidence is taken from file
Claim: 61, Evidence: 0, Agreement module is run in 0.50 mint
Claim: 61, Evidence: 1, Agreement module is run in 0.58 mint
Claim: 61, Evidence: 2, Agreement module is run in 0.34 mint
Claim: 61, Evidence: 3, Agreement module is run in 0.32 mint
Claim: 61, Evidence: 4, Agreement module is run in 0.37 mint
Claim: 62, Evidence is taken from file
Claim: 62, Evidence: 0, Agreement module is run in 0.95 mint
Claim: 62, Evidence: 1, Agreement module is run in 0.39 mint
Claim: 62, Evidence: 2, Agreement module is run in 1.34 mint
Claim: 62, Evidence: 3, Agreement module is run in 1.30 mint
Claim: 62, Evidence: 4, Agreement module is run in 1.23 mint
Claim: 63, Evidence is taken from file
Claim: 63, Evidence: 0, Agreement module is run in 1.28 mint
Claim: 63, Evidence: 1, Agreement module is run in 1.14 mint
Claim: 63, Evidence: 2, Agreement module is run in 1.23 mint
Claim: 63, Evidence: 3, Agreement module is run in 0.65 mint
Claim: 63, Evidence: 4, Agreement module is run in 1.16 mint
Claim: 64, Evidence is taken from file
Claim: 64, Evidence: 0, Agreement module is run in 1.34 mint
Claim: 64, Evidence: 1, Agreement module is run in 1.20 mint
Claim: 64, Evidence: 2, Agreement module is run in 1.21 mint
Claim: 64, Evidence: 3, Agreement module is run in 0.57 mint
Claim: 64, Evidence: 4, Agreement module is run in 0.66 mint
Claim: 65, Evidence is taken from file
Claim: 65, Evidence: 0, Agreement module is run in 0.47 mint
Claim: 65, Evidence: 1, Agreement module is run in 1.22 mint
Claim: 65, Evidence: 2, Agreement module is run in 0.45 mint
Claim: 65, Evidence: 3, Agreement module is run in 1.24 mint
Claim: 65, Evidence: 4, Agreement module is run in 1.20 mint
Claim: 66, Evidence is taken from file
Claim: 66, Evidence: 0, Agreement module is run in 0.46 mint
Claim: 66, Evidence: 1, Agreement module is run in 1.13 mint
Claim: 66, Evidence: 2, Agreement module is run in 1.31 mint
Claim: 66, Evidence: 3, Agreement module is run in 1.36 mint
Claim: 67, Evidence is taken from file
Claim: 67, Evidence: 0, Agreement module is run in 1.21 mint
Claim: 67, Evidence: 1, Agreement module is run in 1.09 mint
Claim: 67, Evidence: 2, Agreement module is run in 1.29 mint
Claim: 67, Evidence: 3, Agreement module is run in 1.08 mint
Claim: 67, Evidence: 4, Agreement module is run in 0.58 mint
Claim: 68, Evidence is taken from file
Claim: 68, Evidence: 0, Agreement module is run in 0.72 mint
Claim: 68, Evidence: 1, Agreement module is run in 0.49 mint
Claim: 68, Evidence: 2, Agreement module is run in 1.28 mint
Claim: 68, Evidence: 3, Agreement module is run in 1.23 mint
Claim: 68, Evidence: 4, Agreement module is run in 1.25 mint
Claim: 69, Evidence is taken from file
Claim: 69, Evidence: 0, Agreement module is run in 1.03 mint
Claim: 69, Evidence: 1, Agreement module is run in 0.41 mint
Claim: 69, Evidence: 2, Agreement module is run in 1.25 mint
Claim: 69, Evidence: 3, Agreement module is run in 1.26 mint
Claim: 69, Evidence: 4, Agreement module is run in 1.32 mint
Claim: 70, Evidence is taken from file
Claim: 70, Evidence: 0, Agreement module is run in 1.21 mint
Claim: 70, Evidence: 1, Agreement module is run in 1.09 mint
Claim: 70, Evidence: 2, Agreement module is run in 1.25 mint
Claim: 70, Evidence: 3, Agreement module is run in 0.48 mint
Claim: 70, Evidence: 4, Agreement module is run in 1.15 mint
Claim: 71, Evidence is taken from file
Claim: 71, Evidence: 0, Agreement module is run in 1.22 mint
Claim: 71, Evidence: 1, Agreement module is run in 0.45 mint
Claim: 71, Evidence: 2, Agreement module is run in 1.20 mint
Claim: 71, Evidence: 3, Agreement module is run in 1.24 mint
Claim: 71, Evidence: 4, Agreement module is run in 1.26 mint
Claim: 72, Evidence is taken from file
Claim: 72, Evidence: 0, Agreement module is run in 1.13 mint
Claim: 72, Evidence: 1, Agreement module is run in 1.24 mint
Claim: 72, Evidence: 2, Agreement module is run in 0.46 mint
Claim: 72, Evidence: 3, Agreement module is run in 0.56 mint
Claim: 72, Evidence: 4, Agreement module is run in 0.31 mint
Claim: 73, Evidence is taken from file
Claim: 73, Evidence: 0, Agreement module is run in 0.33 mint
Claim: 73, Evidence: 1, Agreement module is run in 0.25 mint
Claim: 73, Evidence: 2, Agreement module is run in 0.25 mint
Claim: 73, Evidence: 3, Agreement module is run in 0.35 mint
Claim: 73, Evidence: 4, Agreement module is run in 0.31 mint
Claim: 74, Evidence is taken from file
Claim: 74, Evidence: 0, Agreement module is run in 0.24 mint
Claim: 74, Evidence: 1, Agreement module is run in 0.23 mint
Claim: 74, Evidence: 2, Agreement module is run in 0.34 mint
Claim: 74, Evidence: 3, Agreement module is run in 0.22 mint
Claim: 75, Evidence is taken from file
Claim: 75, Evidence: 0, Agreement module is run in 0.34 mint
