ggml_cuda_init: GGML_CUDA_FORCE_MMQ:   no
ggml_cuda_init: CUDA_USE_TENSOR_CORES: yes
ggml_cuda_init: found 1 CUDA devices:
  Device 0: NVIDIA A100-SXM4-80GB, compute capability 8.0, VMM: yes
Claim: 0, Question generation module is run in 0.56 mint
Claim: 0, Evidence is taken from file
Claim: 0, Evidence: 0, Agreement module is run in 0.29 mint
Claim: 0, Evidence: 1, Agreement module is run in 0.27 mint
Claim: 0, Evidence: 2, Agreement module is run in 0.28 mint
Claim: 0, Evidence: 3, Agreement module is run in 0.30 mint
Claim: 0, Evidence: 4, Agreement module is run in 0.29 mint
Claim: 1, Evidence is taken from file
Claim: 1, Evidence: 0, Agreement module is run in 0.29 mint
Claim: 1, Evidence: 1, Agreement module is run in 0.20 mint
Claim: 1, Evidence: 2, Agreement module is run in 0.21 mint
Claim: 1, Evidence: 3, Agreement module is run in 0.30 mint
Claim: 1, Evidence: 4, Agreement module is run in 0.22 mint
Claim: 2, Evidence is taken from file
Claim: 2, Evidence: 0, Agreement module is run in 0.21 mint
Claim: 2, Evidence: 1, Agreement module is run in 0.21 mint
Claim: 2, Evidence: 2, Agreement module is run in 0.20 mint
Claim: 2, Evidence: 3, Agreement module is run in 0.27 mint
Claim: 2, Evidence: 4, Agreement module is run in 0.27 mint
Claim: 3, Evidence is taken from file
Claim: 3, Evidence: 0, Agreement module is run in 0.28 mint
Claim: 3, Evidence: 1, Agreement module is run in 0.21 mint
Claim: 3, Evidence: 2, Agreement module is run in 0.28 mint
Claim: 3, Evidence: 3, Agreement module is run in 0.21 mint
Claim: 3, Evidence: 4, Agreement module is run in 0.26 mint
Claim: 4, Evidence is taken from file
Claim: 4, Evidence: 0, Agreement module is run in 0.22 mint
Claim: 4, Evidence: 1, Agreement module is run in 0.27 mint
Claim: 4, Evidence: 2, Agreement module is run in 0.19 mint
Claim: 4, Evidence: 3, Agreement module is run in 0.29 mint
Claim: 4, Evidence: 4, Agreement module is run in 0.28 mint
Claim: 5, Evidence is taken from file
Claim: 5, Evidence: 0, Agreement module is run in 0.22 mint
Claim: 5, Evidence: 1, Agreement module is run in 0.28 mint
Claim: 5, Evidence: 2, Agreement module is run in 0.21 mint
Claim: 5, Evidence: 3, Agreement module is run in 0.20 mint
Claim: 5, Evidence: 4, Agreement module is run in 0.28 mint
Claim: 6, Evidence is taken from file
Claim: 6, Evidence: 0, Agreement module is run in 0.27 mint
Claim: 6, Evidence: 1, Agreement module is run in 0.28 mint
Claim: 6, Evidence: 2, Agreement module is run in 0.27 mint
Claim: 6, Evidence: 3, Agreement module is run in 0.27 mint
Claim: 6, Evidence: 4, Agreement module is run in 0.27 mint
Claim: 7, Evidence is taken from file
Claim: 7, Evidence: 0, Agreement module is run in 0.21 mint
Claim: 7, Evidence: 1, Agreement module is run in 0.27 mint
Claim: 7, Evidence: 2, Agreement module is run in 0.27 mint
Claim: 7, Evidence: 3, Agreement module is run in 0.27 mint
Claim: 7, Evidence: 4, Agreement module is run in 0.20 mint
Claim: 8, Evidence is taken from file
Claim: 8, Evidence: 0, Agreement module is run in 0.27 mint
Claim: 8, Evidence: 1, Agreement module is run in 0.20 mint
Claim: 8, Evidence: 2, Agreement module is run in 0.27 mint
Claim: 8, Evidence: 3, Agreement module is run in 0.29 mint
Claim: 9, Evidence is taken from file
Claim: 9, Evidence: 0, Agreement module is run in 0.27 mint
Claim: 9, Evidence: 1, Agreement module is run in 0.28 mint
Claim: 9, Evidence: 2, Agreement module is run in 0.21 mint
Claim: 9, Evidence: 3, Agreement module is run in 0.27 mint
Claim: 9, Evidence: 4, Agreement module is run in 0.28 mint
Claim: 10, Evidence is taken from file
Claim: 10, Evidence: 0, Agreement module is run in 0.29 mint
Claim: 10, Evidence: 1, Agreement module is run in 0.28 mint
Claim: 10, Evidence: 2, Agreement module is run in 0.20 mint
Claim: 10, Evidence: 3, Agreement module is run in 0.27 mint
Claim: 10, Evidence: 4, Agreement module is run in 0.19 mint
Claim: 11, Evidence is taken from file
Claim: 11, Evidence: 0, Agreement module is run in 0.28 mint
Claim: 11, Evidence: 1, Agreement module is run in 0.20 mint
Claim: 11, Evidence: 2, Agreement module is run in 0.25 mint
Claim: 11, Evidence: 3, Agreement module is run in 0.20 mint
Claim: 11, Evidence: 4, Agreement module is run in 0.28 mint
Claim: 12, Evidence is taken from file
Claim: 12, Evidence: 0, Agreement module is run in 0.20 mint
Claim: 12, Evidence: 1, Agreement module is run in 0.27 mint
Claim: 12, Evidence: 2, Agreement module is run in 0.21 mint
Claim: 12, Evidence: 3, Agreement module is run in 0.25 mint
Claim: 12, Evidence: 4, Agreement module is run in 0.19 mint
Claim: 12, Evidence: 5, Agreement module is run in 0.20 mint
Claim: 12, Evidence: 6, Agreement module is run in 0.27 mint
Claim: 13, Evidence is taken from file
Claim: 13, Evidence: 0, Agreement module is run in 0.21 mint
Claim: 13, Evidence: 1, Agreement module is run in 0.21 mint
Claim: 13, Evidence: 2, Agreement module is run in 0.30 mint
Claim: 13, Evidence: 3, Agreement module is run in 0.28 mint
Claim: 13, Evidence: 4, Agreement module is run in 0.28 mint
Claim: 14, Evidence is taken from file
Claim: 14, Evidence: 0, Agreement module is run in 0.29 mint
Claim: 14, Evidence: 1, Agreement module is run in 0.22 mint
Claim: 14, Evidence: 2, Agreement module is run in 0.27 mint
Claim: 14, Evidence: 3, Agreement module is run in 0.21 mint
Claim: 14, Evidence: 4, Agreement module is run in 0.23 mint
Claim: 15, Evidence is taken from file
Claim: 15, Evidence: 0, Agreement module is run in 0.28 mint
Claim: 15, Evidence: 1, Agreement module is run in 0.29 mint
Claim: 15, Evidence: 2, Agreement module is run in 0.26 mint
Claim: 15, Evidence: 3, Agreement module is run in 0.25 mint
Claim: 16, Evidence is taken from file
Claim: 16, Evidence: 0, Agreement module is run in 0.26 mint
Claim: 16, Evidence: 1, Agreement module is run in 0.28 mint
Claim: 16, Evidence: 2, Agreement module is run in 0.27 mint
Claim: 16, Evidence: 3, Agreement module is run in 0.26 mint
Claim: 17, Evidence is taken from file
Claim: 17, Evidence: 0, Agreement module is run in 0.53 mint
Claim: 17, Evidence: 1, Agreement module is run in 0.23 mint
Claim: 17, Evidence: 2, Agreement module is run in 0.29 mint
Claim: 17, Evidence: 3, Agreement module is run in 0.28 mint
Claim: 17, Evidence: 4, Agreement module is run in 0.28 mint
Claim: 18, Evidence is taken from file
Claim: 18, Evidence: 0, Agreement module is run in 0.22 mint
Claim: 18, Evidence: 1, Agreement module is run in 0.28 mint
Claim: 18, Evidence: 2, Agreement module is run in 0.30 mint
Claim: 18, Evidence: 3, Agreement module is run in 0.26 mint
Claim: 18, Evidence: 4, Agreement module is run in 0.21 mint
Claim: 19, Evidence is taken from file
Claim: 19, Evidence: 0, Agreement module is run in 0.28 mint
Claim: 19, Evidence: 1, Agreement module is run in 0.50 mint
Claim: 19, Evidence: 2, Agreement module is run in 0.20 mint
Claim: 19, Evidence: 3, Agreement module is run in 0.29 mint
Claim: 19, Evidence: 4, Agreement module is run in 0.29 mint
Claim: 20, Evidence is taken from file
Claim: 20, Evidence: 0, Agreement module is run in 0.28 mint
Claim: 20, Evidence: 1, Agreement module is run in 0.44 mint
Claim: 20, Evidence: 2, Agreement module is run in 0.29 mint
Claim: 20, Evidence: 3, Agreement module is run in 0.27 mint
Claim: 20, Evidence: 4, Agreement module is run in 0.29 mint
Claim: 21, Evidence is taken from file
Claim: 21, Evidence: 0, Agreement module is run in 0.28 mint
Claim: 21, Evidence: 1, Agreement module is run in 0.44 mint
Claim: 22, Evidence is taken from file
Claim: 22, Evidence: 0, Agreement module is run in 0.28 mint
Claim: 22, Evidence: 1, Agreement module is run in 0.29 mint
Claim: 22, Evidence: 2, Agreement module is run in 0.21 mint
Claim: 22, Evidence: 3, Agreement module is run in 0.29 mint
Claim: 22, Evidence: 4, Agreement module is run in 0.45 mint
Claim: 23, Evidence is taken from file
Claim: 23, Evidence: 0, Agreement module is run in 0.20 mint
Claim: 23, Evidence: 1, Agreement module is run in 0.26 mint
Claim: 23, Evidence: 2, Agreement module is run in 0.34 mint
Claim: 23, Evidence: 3, Agreement module is run in 0.32 mint
Claim: 23, Evidence: 4, Agreement module is run in 0.19 mint
Claim: 24, Evidence is taken from file
Claim: 24, Evidence: 0, Agreement module is run in 0.19 mint
Claim: 24, Evidence: 1, Agreement module is run in 0.48 mint
Claim: 24, Evidence: 2, Agreement module is run in 0.20 mint
Claim: 24, Evidence: 3, Agreement module is run in 0.25 mint
Claim: 24, Evidence: 4, Agreement module is run in 0.25 mint
Claim: 25, Evidence is taken from file
Claim: 25, Evidence: 0, Agreement module is run in 0.26 mint
Claim: 25, Evidence: 1, Agreement module is run in 0.26 mint
Claim: 25, Evidence: 2, Agreement module is run in 0.45 mint
Claim: 25, Evidence: 3, Agreement module is run in 0.25 mint
Claim: 25, Evidence: 4, Agreement module is run in 0.21 mint
Claim: 26, Evidence is taken from file
Claim: 26, Evidence: 0, Agreement module is run in 0.41 mint
Claim: 26, Evidence: 1, Agreement module is run in 0.19 mint
Claim: 26, Evidence: 2, Agreement module is run in 0.26 mint
Claim: 26, Evidence: 3, Agreement module is run in 0.20 mint
Claim: 26, Evidence: 4, Agreement module is run in 0.27 mint
Claim: 27, Evidence is taken from file
Claim: 27, Evidence: 0, Agreement module is run in 0.25 mint
Claim: 27, Evidence: 1, Agreement module is run in 0.19 mint
Claim: 27, Evidence: 2, Agreement module is run in 0.18 mint
Claim: 27, Evidence: 3, Agreement module is run in 0.19 mint
Claim: 27, Evidence: 4, Agreement module is run in 0.18 mint
Claim: 28, Evidence is taken from file
Claim: 28, Evidence: 0, Agreement module is run in 0.25 mint
Claim: 28, Evidence: 1, Agreement module is run in 0.26 mint
Claim: 28, Evidence: 2, Agreement module is run in 0.19 mint
Claim: 28, Evidence: 3, Agreement module is run in 0.26 mint
Claim: 29, Evidence is taken from file
Claim: 29, Evidence: 0, Agreement module is run in 0.26 mint
Claim: 29, Evidence: 1, Agreement module is run in 0.20 mint
Claim: 29, Evidence: 2, Agreement module is run in 0.19 mint
Claim: 29, Evidence: 3, Agreement module is run in 0.25 mint
Claim: 29, Evidence: 4, Agreement module is run in 0.18 mint
Claim: 30, Evidence is taken from file
Claim: 30, Evidence: 0, Agreement module is run in 0.19 mint
Claim: 30, Evidence: 1, Agreement module is run in 0.19 mint
Claim: 30, Evidence: 2, Agreement module is run in 0.20 mint
Claim: 30, Evidence: 3, Agreement module is run in 0.25 mint
Claim: 30, Evidence: 4, Agreement module is run in 0.19 mint
Claim: 31, Evidence is taken from file
Claim: 31, Evidence: 0, Agreement module is run in 0.25 mint
Claim: 31, Evidence: 1, Agreement module is run in 0.18 mint
Claim: 31, Evidence: 2, Agreement module is run in 0.19 mint
Claim: 31, Evidence: 3, Agreement module is run in 0.25 mint
Claim: 32, Evidence is taken from file
Claim: 32, Evidence: 0, Agreement module is run in 0.25 mint
Claim: 32, Evidence: 1, Agreement module is run in 0.26 mint
Claim: 32, Evidence: 2, Agreement module is run in 0.19 mint
Claim: 32, Evidence: 3, Agreement module is run in 0.25 mint
Claim: 32, Evidence: 4, Agreement module is run in 0.26 mint
Claim: 33, Evidence is taken from file
Claim: 33, Evidence: 0, Agreement module is run in 0.19 mint
Claim: 33, Evidence: 1, Agreement module is run in 0.27 mint
Claim: 33, Evidence: 2, Agreement module is run in 0.19 mint
Claim: 33, Evidence: 3, Agreement module is run in 0.18 mint
Claim: 33, Evidence: 4, Agreement module is run in 0.25 mint
Claim: 34, Evidence is taken from file
Claim: 34, Evidence: 0, Agreement module is run in 0.25 mint
Claim: 34, Evidence: 1, Agreement module is run in 0.19 mint
Claim: 34, Evidence: 2, Agreement module is run in 0.26 mint
Claim: 34, Evidence: 3, Agreement module is run in 0.26 mint
Claim: 34, Evidence: 4, Agreement module is run in 0.19 mint
Claim: 35, Evidence is taken from file
Claim: 35, Evidence: 0, Agreement module is run in 0.20 mint
Claim: 35, Evidence: 1, Agreement module is run in 0.19 mint
Claim: 35, Evidence: 2, Agreement module is run in 0.24 mint
Claim: 35, Evidence: 3, Agreement module is run in 0.26 mint
Claim: 35, Evidence: 4, Agreement module is run in 0.19 mint
Claim: 36, Evidence is taken from file
Claim: 36, Evidence: 0, Agreement module is run in 0.18 mint
Claim: 36, Evidence: 1, Agreement module is run in 0.25 mint
Claim: 36, Evidence: 2, Agreement module is run in 0.25 mint
Claim: 36, Evidence: 3, Agreement module is run in 0.26 mint
Claim: 37, Evidence is taken from file
Claim: 37, Evidence: 0, Agreement module is run in 0.19 mint
Claim: 37, Evidence: 1, Agreement module is run in 0.25 mint
Claim: 37, Evidence: 2, Agreement module is run in 0.25 mint
Claim: 37, Evidence: 3, Agreement module is run in 0.25 mint
Claim: 37, Evidence: 4, Agreement module is run in 0.26 mint
Claim: 38, Evidence is taken from file
Claim: 38, Evidence: 0, Agreement module is run in 0.25 mint
Claim: 38, Evidence: 1, Agreement module is run in 0.18 mint
Claim: 38, Evidence: 2, Agreement module is run in 0.26 mint
Claim: 38, Evidence: 3, Agreement module is run in 0.18 mint
Claim: 38, Evidence: 4, Agreement module is run in 0.25 mint
Claim: 38, Evidence: 5, Agreement module is run in 0.26 mint
Claim: 39, Evidence is taken from file
Claim: 39, Evidence: 0, Agreement module is run in 0.25 mint
Claim: 39, Evidence: 1, Agreement module is run in 0.25 mint
Claim: 39, Evidence: 2, Agreement module is run in 0.21 mint
Claim: 39, Evidence: 3, Agreement module is run in 0.29 mint
Claim: 40, Evidence is taken from file
Claim: 40, Evidence: 0, Agreement module is run in 0.26 mint
Claim: 40, Evidence: 1, Agreement module is run in 0.25 mint
Claim: 40, Evidence: 2, Agreement module is run in 0.25 mint
Claim: 40, Evidence: 3, Agreement module is run in 0.24 mint
Claim: 40, Evidence: 4, Agreement module is run in 0.25 mint
Claim: 41, Evidence is taken from file
Claim: 41, Evidence: 0, Agreement module is run in 0.25 mint
Claim: 41, Evidence: 1, Agreement module is run in 0.25 mint
Claim: 41, Evidence: 2, Agreement module is run in 0.25 mint
Claim: 41, Evidence: 3, Agreement module is run in 0.19 mint
Claim: 41, Evidence: 4, Agreement module is run in 0.25 mint
Claim: 42, Evidence is taken from file
Claim: 42, Evidence: 0, Agreement module is run in 0.25 mint
Claim: 42, Evidence: 1, Agreement module is run in 0.19 mint
Claim: 42, Evidence: 2, Agreement module is run in 0.25 mint
Claim: 42, Evidence: 3, Agreement module is run in 0.18 mint
Claim: 42, Evidence: 4, Agreement module is run in 0.25 mint
Claim: 43, Evidence is taken from file
Claim: 43, Evidence: 0, Agreement module is run in 0.25 mint
Claim: 43, Evidence: 1, Agreement module is run in 0.18 mint
Claim: 43, Evidence: 2, Agreement module is run in 0.19 mint
Claim: 43, Evidence: 3, Agreement module is run in 0.25 mint
Claim: 43, Evidence: 4, Agreement module is run in 0.18 mint
Claim: 44, Evidence is taken from file
Claim: 44, Evidence: 0, Agreement module is run in 0.25 mint
Claim: 44, Evidence: 1, Agreement module is run in 0.19 mint
Claim: 44, Evidence: 2, Agreement module is run in 0.19 mint
Claim: 44, Evidence: 3, Agreement module is run in 0.26 mint
Claim: 44, Evidence: 4, Agreement module is run in 0.25 mint
Claim: 45, Evidence is taken from file
Claim: 45, Evidence: 0, Agreement module is run in 0.25 mint
Claim: 45, Evidence: 1, Agreement module is run in 0.25 mint
Claim: 45, Evidence: 2, Agreement module is run in 0.25 mint
Claim: 45, Evidence: 3, Agreement module is run in 0.25 mint
Claim: 45, Evidence: 4, Agreement module is run in 0.19 mint
Claim: 46, Evidence is taken from file
Claim: 46, Evidence: 0, Agreement module is run in 0.18 mint
Claim: 46, Evidence: 1, Agreement module is run in 0.20 mint
Claim: 46, Evidence: 2, Agreement module is run in 0.19 mint
Claim: 46, Evidence: 3, Agreement module is run in 0.25 mint
Claim: 46, Evidence: 4, Agreement module is run in 0.26 mint
Claim: 47, Evidence is taken from file
Claim: 47, Evidence: 0, Agreement module is run in 0.20 mint
Claim: 47, Evidence: 1, Agreement module is run in 0.20 mint
Claim: 47, Evidence: 2, Agreement module is run in 0.20 mint
Claim: 47, Evidence: 3, Agreement module is run in 0.19 mint
Claim: 47, Evidence: 4, Agreement module is run in 0.20 mint
Claim: 48, Evidence is taken from file
Claim: 48, Evidence: 0, Agreement module is run in 0.26 mint
Claim: 48, Evidence: 1, Agreement module is run in 0.26 mint
Claim: 48, Evidence: 2, Agreement module is run in 0.27 mint
Claim: 48, Evidence: 3, Agreement module is run in 0.27 mint
Claim: 48, Evidence: 4, Agreement module is run in 0.25 mint
claim_0: Editor module is run in 0.00 mint
claim_1: Editor module is run in 0.22 mint
claim_2: Editor module is run in 0.21 mint
claim_3: Editor module is run in 0.18 mint
claim_4: Editor module is run in 0.22 mint
claim_5: Editor module is run in 0.17 mint
claim_6: Editor module is run in 0.21 mint
claim_7: Editor module is run in 0.20 mint
claim_8: Editor module is run in 0.00 mint
claim_9: Editor module is run in 0.24 mint
claim_10: Editor module is run in 0.16 mint
claim_11: Editor module is run in 0.19 mint
claim_12: Editor module is run in 0.19 mint
claim_13: Editor module is run in 0.24 mint
claim_14: Editor module is run in 0.19 mint
claim_15: Editor module is run in 0.17 mint
claim_16: Editor module is run in 0.18 mint
claim_17: Editor module is run in 0.18 mint
claim_18: Editor module is run in 0.16 mint
claim_19: Editor module is run in 0.17 mint
claim_20: Editor module is run in 0.00 mint
claim_21: Editor module is run in 0.00 mint
claim_22: Editor module is run in 0.20 mint
claim_23: Editor module is run in 0.19 mint
claim_24: Editor module is run in 0.19 mint
claim_25: Editor module is run in 0.17 mint
claim_26: Editor module is run in 0.20 mint
claim_27: Editor module is run in 0.20 mint
claim_28: Editor module is run in 0.19 mint
claim_29: Editor module is run in 0.20 mint
claim_30: Editor module is run in 0.00 mint
claim_31: Editor module is run in 0.00 mint
claim_32: Editor module is run in 0.00 mint
claim_33: Editor module is run in 0.22 mint
claim_34: Editor module is run in 0.21 mint
claim_35: Editor module is run in 0.17 mint
claim_36: Editor module is run in 0.00 mint
claim_37: Editor module is run in 0.00 mint
claim_38: Editor module is run in 0.18 mint
claim_39: Editor module is run in 0.19 mint
claim_40: Editor module is run in 0.19 mint
claim_41: Editor module is run in 0.00 mint
claim_42: Editor module is run in 0.00 mint
claim_43: Editor module is run in 0.18 mint
claim_44: Editor module is run in 0.19 mint
claim_45: Editor module is run in 0.18 mint
claim_46: Editor module is run in 0.20 mint
claim_47: Editor module is run in 0.21 mint
claim_48: Editor module is run in 0.19 mint
